<?xml version="1.0" encoding="UTF-8"?>
<!-- Generated by org.testng.reporters.JUnitReportReporter -->
<testsuite skipped="0" hostname="Shree-PC" name="Deals_TC.LoginPageTest" tests="5" failures="0" timestamp="05 Dec 2018 19:04:33 GMT" time="111.942" errors="0">
  <testcase name="LoginWithInvalidCred" time="23.160" classname="Deals_TC.LoginPageTest"/>
  <testcase name="LoginTestUsingPropertyValues" time="27.340" classname="Deals_TC.LoginPageTest"/>
  <testcase name="LoginWithInvalidCred" time="18.281" classname="Deals_TC.LoginPageTest"/>
  <testcase name="LoginWithValidCred" time="24.736" classname="Deals_TC.LoginPageTest"/>
  <testcase name="LoginWithInvalidCred" time="18.425" classname="Deals_TC.LoginPageTest"/>
</testsuite> <!-- Deals_TC.LoginPageTest -->
