<?xml version="1.0" encoding="UTF-8"?>
<!-- Generated by org.testng.reporters.JUnitReportReporter -->
<testsuite skipped="0" hostname="Shree-PC" name="Deals_TC.EnterNewDeal" tests="1" failures="0" timestamp="26 Nov 2018 00:36:09 GMT" time="32.755" errors="0">
  <testcase name="enter_new_deal" time="32.755" classname="Deals_TC.EnterNewDeal"/>
</testsuite> <!-- Deals_TC.EnterNewDeal -->
