<?xml version="1.0" encoding="UTF-8"?>
<!-- Generated by org.testng.reporters.JUnitReportReporter -->
<testsuite skipped="0" hostname="Shree-PC" name="Functions.NewDeal" tests="1" failures="0" timestamp="09 Aug 2018 05:52:42 GMT" time="37.291" errors="0">
  <testcase name="enter_new_deal" time="37.291" classname="Functions.NewDeal"/>
</testsuite> <!-- Functions.NewDeal -->
