<?xml version="1.0" encoding="UTF-8"?>
<!-- Generated by org.testng.reporters.JUnitReportReporter -->
<testsuite skipped="0" hostname="Shree-PC" name="Functions.Login" tests="1" failures="0" timestamp="09 Aug 2018 07:00:07 GMT" time="105.541" errors="0">
  <testcase name="loginFreeCRM" time="105.541" classname="Functions.Login"/>
</testsuite> <!-- Functions.Login -->
