<?xml version="1.0" encoding="UTF-8"?>
<!-- Generated by org.testng.reporters.JUnitReportReporter -->
<testsuite skipped="0" hostname="Shree-PC" name="Deals_TC.EditDeal" tests="1" failures="0" timestamp="26 Nov 2018 00:36:09 GMT" time="43.945" errors="0">
  <testcase name="editDeal" time="43.945" classname="Deals_TC.EditDeal"/>
</testsuite> <!-- Deals_TC.EditDeal -->
